# e1000e hardware issues
Detected Hardware Unit Hang
Reset adapter
NETDEV WATCHDOG

# OOM killer
invoked oom-killer
Out of memory
Killed process

# EXT-FS
EXT4-fs error
EXT-fs error

# ATA
I/O error
read error
Medium Error
media error

# Software RAID
Disk failure on

# ECC error on Error detection and correction (EDAC) controllers
New Corrected error

# Thermal
Core temperature above threshold, cpu clock throttled

# XFS
XFS: Internal error

# CPU hang / kvm when elevator!=deadline
BUG: soft lockup - CPU.* stuck for

# x2apic bug with Dell BIOS
Your BIOS is broken and requested that x2apic be disabled
